<?xml version="1.0" encoding="UTF-8"?>
<!-- Generated by org.testng.reporters.JUnitReportReporter -->
<testsuite skipped="0" hostname="LAPTOP-PT1VIPBL" name="tests.TimeSheetsTest" tests="1" failures="0" timestamp="2023-01-24T08:32:10 IST" time="19.375" errors="0">
  <testcase name="timesheetsTest1" time="19.375" classname="tests.TimeSheetsTest"/>
</testsuite> <!-- tests.TimeSheetsTest -->
