<?xml version="1.0" encoding="UTF-8"?>
<!-- Generated by org.testng.reporters.JUnitReportReporter -->
<testsuite skipped="0" hostname="DESKTOP-E584GTO" name="tests.LoginTest" tests="4" failures="0" timestamp="2023-02-24T19:59:07 IST" time="100.178" errors="0">
  <testcase name="redirectToResetPasswordPageLinkPresent" time="21.188" classname="tests.LoginTest"/>
  <testcase name="loginTest" time="30.739" classname="tests.LoginTest"/>
  <testcase name="invalidLogin" time="28.135" classname="tests.LoginTest"/>
  <testcase name="navigateToResetPassword" time="20.116" classname="tests.LoginTest"/>
</testsuite> <!-- tests.LoginTest -->
