<?xml version="1.0" encoding="UTF-8"?>
<!-- Generated by org.testng.reporters.JUnitReportReporter -->
<testsuite skipped="0" hostname="DESKTOP-E584GTO" name="tests.HomeTest" tests="2" failures="0" timestamp="2023-02-24T19:59:07 IST" time="97.729" errors="0">
  <testcase name="verifyLinks" time="30.620" classname="tests.HomeTest"/>
  <testcase name="verifyAdminButtonNavigatesToAdminPage" time="67.109" classname="tests.HomeTest"/>
</testsuite> <!-- tests.HomeTest -->
